
Circuit 1 cell sky130_fd_pr__nfet_01v8 and Circuit 2 cell sky130_fd_pr__nfet_01v8 are black boxes.
Warning: Equate pins:  cell sky130_fd_pr__nfet_01v8 is a placeholder, treated as a black box.
Warning: Equate pins:  cell sky130_fd_pr__nfet_01v8 is a placeholder, treated as a black box.

Subcircuit pins:
Circuit 1: sky130_fd_pr__nfet_01v8         |Circuit 2: sky130_fd_pr__nfet_01v8         
-------------------------------------------|-------------------------------------------
1                                          |1                                          
2                                          |2                                          
3                                          |3                                          
4                                          |4                                          
---------------------------------------------------------------------------------------
Cell pin lists are equivalent.
Device classes sky130_fd_pr__nfet_01v8 and sky130_fd_pr__nfet_01v8 are equivalent.

Circuit 1 cell sky130_fd_pr__pfet_01v8 and Circuit 2 cell sky130_fd_pr__pfet_01v8 are black boxes.
Warning: Equate pins:  cell sky130_fd_pr__pfet_01v8 is a placeholder, treated as a black box.
Warning: Equate pins:  cell sky130_fd_pr__pfet_01v8 is a placeholder, treated as a black box.

Subcircuit pins:
Circuit 1: sky130_fd_pr__pfet_01v8         |Circuit 2: sky130_fd_pr__pfet_01v8         
-------------------------------------------|-------------------------------------------
1                                          |1                                          
2                                          |2                                          
3                                          |3                                          
4                                          |4                                          
---------------------------------------------------------------------------------------
Cell pin lists are equivalent.
Device classes sky130_fd_pr__pfet_01v8 and sky130_fd_pr__pfet_01v8 are equivalent.

Class inverter (1):  Merged 1 parallel devices.
Subcircuit summary:
Circuit 1: not                             |Circuit 2: inverter                        
-------------------------------------------|-------------------------------------------
sky130_fd_pr__nfet_01v8 (1)                |sky130_fd_pr__nfet_01v8 (1)                
sky130_fd_pr__pfet_01v8 (1)                |sky130_fd_pr__pfet_01v8 (3->2) **Mismatch* 
Number of devices: 2 **Mismatch**          |Number of devices: 3 **Mismatch**          
Number of nets: 4                          |Number of nets: 4                          
---------------------------------------------------------------------------------------
NET mismatches: Class fragments follow (with fanout counts):
Circuit 1: not                             |Circuit 2: inverter                        

---------------------------------------------------------------------------------------
Net: OUT                                   |Net: (no pins)                             
  sky130_fd_pr__nfet_01v8/1 = 1            |  sky130_fd_pr__nfet_01v8/3 = 1            
  sky130_fd_pr__pfet_01v8/1 = 1            |  sky130_fd_pr__nfet_01v8/4 = 1            
                                           |                                           
Net: VDD                                   |Net: Vdd                                   
  sky130_fd_pr__pfet_01v8/3 = 1            |  sky130_fd_pr__pfet_01v8/3 = 1            
  sky130_fd_pr__pfet_01v8/4 = 1            |  sky130_fd_pr__pfet_01v8/4 = 2            
                                           |  sky130_fd_pr__pfet_01v8/1 = 1            
                                           |                                           
Net: GND                                   |(no matching net)                          
  sky130_fd_pr__nfet_01v8/3 = 1            |                                           
  sky130_fd_pr__nfet_01v8/4 = 1            |                                           
                                           |                                           
Net: IN                                    |(no matching net)                          
  sky130_fd_pr__nfet_01v8/2 = 1            |                                           
  sky130_fd_pr__pfet_01v8/2 = 1            |                                           
---------------------------------------------------------------------------------------

---------------------------------------------------------------------------------------
(no matching net)                          |Net: Vout                                  
                                           |  sky130_fd_pr__pfet_01v8/3 = 1            
                                           |  sky130_fd_pr__nfet_01v8/1 = 1            
                                           |  sky130_fd_pr__pfet_01v8/1 = 1            
                                           |                                           
(no matching net)                          |Net: Vin                                   
                                           |  sky130_fd_pr__pfet_01v8/2 = 2            
                                           |  sky130_fd_pr__nfet_01v8/2 = 1            
---------------------------------------------------------------------------------------
DEVICE mismatches: Class fragments follow (with node fanout counts):
Circuit 1: not                             |Circuit 2: inverter                        

---------------------------------------------------------------------------------------
Instance: sky130_fd_pr__pfet_01v8:M2       |Instance: sky130_fd_pr__pfet_01v8:0        
  1 = 2                                    |  1 = 4                                    
  2 = 2                                    |  2 = 3                                    
  3 = 2                                    |  3 = 3                                    
  4 = 2                                    |  4 = 4                                    
                                           |                                           
(no matching instance)                     |Instance: sky130_fd_pr__pfet_01v8:2        
                                           |  1 = 3                                    
                                           |  2 = 3                                    
                                           |  3 = 4                                    
                                           |  4 = 4                                    
---------------------------------------------------------------------------------------

---------------------------------------------------------------------------------------
Instance: sky130_fd_pr__nfet_01v8:M1       |Instance: sky130_fd_pr__nfet_01v8:1        
  1 = 2                                    |  1 = 3                                    
  2 = 2                                    |  2 = 3                                    
  3 = 2                                    |  3 = 2                                    
  4 = 2                                    |  4 = 2                                    
---------------------------------------------------------------------------------------
Netlists do not match.

Subcircuit pins:
Circuit 1: not                             |Circuit 2: inverter                        
-------------------------------------------|-------------------------------------------
OUT                                        |(no pins) **Mismatch**                     
IN                                         |(no matching pin)                          
Cell pin lists are equivalent.
Device classes not and inverter are equivalent.

Final result: Netlists do not match.
